生成启动时间为 2013/12/10 19:00:01。
     1>项目“E:\C\project\草稿版\renju\renju\renju.vcxproj”在节点 2 上(build 个目标)。
     1>InitializeBuildStatus:
         正在创建“Debug\renju.unsuccessfulbuild”，因为已指定“AlwaysCreate”。
       ClCompile:
         e:\C\VC\bin\CL.exe /c /ZI /nologo /W3 /WX- /Od /Oy- /D WIN32 /D _DEBUG /D _CONSOLE /D _UNICODE /D UNICODE /Gm /EHsc /RTC1 /MDd /GS /fp:precise /Zc:wchar_t /Zc:forScope /Fo"Debug\\" /Fd"Debug\vc100.pdb" /Gd /TC /analyze- /errorReport:prompt main.c menu.c
         menu.c
     1>e:\c\project\草稿版\renju\renju\menu.c(96): warning C4996: 'scanf': This function or variable may be unsafe. Consider using scanf_s instead. To disable deprecation, use _CRT_SECURE_NO_WARNINGS. See online help for details.
                 e:\c\vc\include\stdio.h(304) : 参见“scanf”的声明
     1>e:\c\project\草稿版\renju\renju\menu.c(150): warning C4996: 'scanf': This function or variable may be unsafe. Consider using scanf_s instead. To disable deprecation, use _CRT_SECURE_NO_WARNINGS. See online help for details.
                 e:\c\vc\include\stdio.h(304) : 参见“scanf”的声明
     1>e:\c\project\草稿版\renju\renju\menu.c(187): warning C4996: 'scanf': This function or variable may be unsafe. Consider using scanf_s instead. To disable deprecation, use _CRT_SECURE_NO_WARNINGS. See online help for details.
                 e:\c\vc\include\stdio.h(304) : 参见“scanf”的声明
     1>e:\c\project\草稿版\renju\renju\menu.c(254): warning C4996: 'getch': The POSIX name for this item is deprecated. Instead, use the ISO C++ conformant name: _getch. See online help for details.
                 e:\c\vc\include\conio.h(128) : 参见“getch”的声明
     1>e:\c\project\草稿版\renju\renju\menu.c(275): warning C4996: 'getch': The POSIX name for this item is deprecated. Instead, use the ISO C++ conformant name: _getch. See online help for details.
                 e:\c\vc\include\conio.h(128) : 参见“getch”的声明
     1>e:\c\project\草稿版\renju\renju\menu.c(294): warning C4996: 'scanf': This function or variable may be unsafe. Consider using scanf_s instead. To disable deprecation, use _CRT_SECURE_NO_WARNINGS. See online help for details.
                 e:\c\vc\include\stdio.h(304) : 参见“scanf”的声明
     1>e:\c\project\草稿版\renju\renju\menu.c(295): warning C4996: 'strcpy': This function or variable may be unsafe. Consider using strcpy_s instead. To disable deprecation, use _CRT_SECURE_NO_WARNINGS. See online help for details.
                 e:\c\vc\include\string.h(105) : 参见“strcpy”的声明
     1>e:\c\project\草稿版\renju\renju\menu.c(337): warning C4996: 'getch': The POSIX name for this item is deprecated. Instead, use the ISO C++ conformant name: _getch. See online help for details.
                 e:\c\vc\include\conio.h(128) : 参见“getch”的声明
         main.c
         正在生成代码...
       ManifestResourceCompile:
         所有输出均为最新。
       Link:
         e:\C\VC\bin\link.exe /ERRORREPORT:PROMPT /OUT:"E:\C\project\草稿版\renju\Debug\renju.exe" /INCREMENTAL /NOLOGO kernel32.lib user32.lib gdi32.lib winspool.lib comdlg32.lib advapi32.lib shell32.lib ole32.lib oleaut32.lib uuid.lib odbc32.lib odbccp32.lib /MANIFEST /ManifestFile:"Debug\renju.exe.intermediate.manifest" /MANIFESTUAC:"level='asInvoker' uiAccess='false'" /DEBUG /PDB:"E:\C\project\草稿版\renju\Debug\renju.pdb" /SUBSYSTEM:CONSOLE /TLBID:1 /DYNAMICBASE /NXCOMPAT /IMPLIB:"E:\C\project\草稿版\renju\Debug\renju.lib" /MACHINE:X86 Debug\renju.exe.embed.manifest.res
         Debug\gameFile.obj
         Debug\gameService.obj
         Debug\main.obj
         Debug\menu.obj
         Debug\rankFile.obj
         Debug\rankService.obj
       Manifest:
         C:\Program Files (x86)\Microsoft SDKs\Windows\v7.0A\bin\mt.exe /nologo /verbose /out:"Debug\renju.exe.embed.manifest" /manifest Debug\renju.exe.intermediate.manifest
         所有输出均为最新。
       LinkEmbedManifest:
         所有输出均为最新。
         renju.vcxproj -> E:\C\project\草稿版\renju\Debug\renju.exe
       FinalizeBuildStatus:
         正在删除文件“Debug\renju.unsuccessfulbuild”。
         正在对“Debug\renju.lastbuildstate”执行 Touch 任务。
     1>已完成生成项目“E:\C\project\草稿版\renju\renju\renju.vcxproj”(build 个目标)的操作。

生成成功。

已用时间 00:00:01.95
